info: ::1 - - [18/Aug/2024:09:43:46 +0000] "POST /api/v1/users/login HTTP/1.1" 200 499 "-" "PostmanRuntime/7.41.1"

info: ::1 - - [18/Aug/2024:09:44:54 +0000] "POST /api/v1/users/login HTTP/1.1" 200 503 "-" "PostmanRuntime/7.41.1"

info: ::1 - - [18/Aug/2024:09:54:49 +0000] "POST /api/v1/book/ HTTP/1.1" 201 299 "-" "PostmanRuntime/7.41.1"

info: ::1 - - [18/Aug/2024:09:57:50 +0000] "POST /api/v1/book/ HTTP/1.1" 201 300 "-" "PostmanRuntime/7.41.1"

info: ::1 - - [18/Aug/2024:10:15:49 +0000] "POST /api/v1/users/login HTTP/1.1" 200 503 "-" "PostmanRuntime/7.41.1"

info: ::1 - - [18/Aug/2024:10:16:49 +0000] "POST /api/v1/book/ HTTP/1.1" 201 300 "-" "PostmanRuntime/7.41.1"

info: ::1 - - [18/Aug/2024:10:17:31 +0000] "GET /api/v1/book/ HTTP/1.1" 200 791 "-" "PostmanRuntime/7.41.1"

info: ::1 - - [18/Aug/2024:10:30:18 +0000] "POST /api/v1/users/login HTTP/1.1" 200 503 "-" "PostmanRuntime/7.41.1"

info: ::1 - - [18/Aug/2024:10:30:48 +0000] "GET /api/v1/book/3 HTTP/1.1" 500 152 "-" "PostmanRuntime/7.41.1"

info: ::1 - - [18/Aug/2024:10:44:08 +0000] "POST /api/v1/users/login HTTP/1.1" 200 503 "-" "PostmanRuntime/7.41.1"

info: ::1 - - [18/Aug/2024:10:44:32 +0000] "GET /api/v1/book/3 HTTP/1.1" 200 302 "-" "PostmanRuntime/7.41.1"

info: ::1 - - [18/Aug/2024:10:45:43 +0000] "GET /api/v1/book/4 HTTP/1.1" 200 544 "-" "PostmanRuntime/7.41.1"

info: ::1 - - [18/Aug/2024:11:09:07 +0000] "POST /api/v1/users/login HTTP/1.1" 200 503 "-" "PostmanRuntime/7.41.1"

info: ::1 - - [18/Aug/2024:11:09:34 +0000] "GET /api/v1/book/1 HTTP/1.1" 200 60 "-" "PostmanRuntime/7.41.1"

info: ::1 - - [18/Aug/2024:11:11:28 +0000] "GET /api/v1/book/1 HTTP/1.1" 200 60 "-" "PostmanRuntime/7.41.1"

info: ::1 - - [18/Aug/2024:11:13:29 +0000] "GET /api/v1/book/1 HTTP/1.1" 200 60 "-" "PostmanRuntime/7.41.1"

info: ::1 - - [18/Aug/2024:11:14:02 +0000] "GET /api/v1/book/1 HTTP/1.1" 200 60 "-" "PostmanRuntime/7.41.1"

info: ::1 - - [18/Aug/2024:11:16:56 +0000] "GET /api/v1/book/1 HTTP/1.1" 200 60 "-" "PostmanRuntime/7.41.1"

info: ::1 - - [18/Aug/2024:11:21:29 +0000] "GET /api/v1/book/bookByID/1 HTTP/1.1" 202 299 "-" "PostmanRuntime/7.41.1"

info: ::1 - - [18/Aug/2024:11:23:42 +0000] "GET /api/v1/book/bookByID/4 HTTP/1.1" 202 62 "-" "PostmanRuntime/7.41.1"

info: ::1 - - [18/Aug/2024:11:23:51 +0000] "GET /api/v1/book/bookByID/3 HTTP/1.1" 202 300 "-" "PostmanRuntime/7.41.1"

info: ::1 - - [18/Aug/2024:11:25:42 +0000] "GET /api/v1/book/bookByID/4 HTTP/1.1" 202 56 "-" "PostmanRuntime/7.41.1"

info: ::1 - - [18/Aug/2024:11:25:51 +0000] "GET /api/v1/book/bookByID/2 HTTP/1.1" 202 294 "-" "PostmanRuntime/7.41.1"

