info: ::1 - - [20/Aug/2024:08:53:01 +0000] "POST /api/v1/users/ HTTP/1.1" 201 323 "-" "PostmanRuntime/7.41.1"

info: ::1 - - [20/Aug/2024:08:53:43 +0000] "POST /api/v1/users/admin HTTP/1.1" 201 326 "-" "PostmanRuntime/7.41.1"

info: ::1 - - [20/Aug/2024:08:54:01 +0000] "POST /api/v1/users/login HTTP/1.1" 200 503 "-" "PostmanRuntime/7.41.1"

info: ::1 - - [20/Aug/2024:08:55:01 +0000] "POST /api/v1/book/ HTTP/1.1" 404 47 "-" "PostmanRuntime/7.41.1"

info: ::1 - - [20/Aug/2024:08:55:33 +0000] "POST /api/v1/book/admin HTTP/1.1" 201 304 "-" "PostmanRuntime/7.41.1"

info: ::1 - - [20/Aug/2024:09:09:06 +0000] "POST /api/v1/book/admin HTTP/1.1" 201 304 "-" "PostmanRuntime/7.41.1"

info: ::1 - - [20/Aug/2024:09:13:07 +0000] "POST /api/v1/users/login HTTP/1.1" 200 503 "-" "PostmanRuntime/7.41.1"

info: ::1 - - [20/Aug/2024:09:13:29 +0000] "GET /api/v1/book/admin HTTP/1.1" 200 557 "-" "PostmanRuntime/7.41.1"

info: ::1 - - [20/Aug/2024:09:13:54 +0000] "GET /api/v1/book/admin HTTP/1.1" 200 557 "-" "PostmanRuntime/7.41.1"

info: ::1 - - [20/Aug/2024:09:22:56 +0000] "POST /api/v1/users/admin HTTP/1.1" 201 326 "-" "PostmanRuntime/7.41.1"

info: ::1 - - [20/Aug/2024:09:23:36 +0000] "POST /api/v1/users/login HTTP/1.1" 200 503 "-" "PostmanRuntime/7.41.1"

info: ::1 - - [20/Aug/2024:09:24:41 +0000] "GET /api/v1/book/admin HTTP/1.1" 200 557 "-" "PostmanRuntime/7.41.1"

info: ::1 - - [20/Aug/2024:09:25:03 +0000] "POST /api/v1/book/admin HTTP/1.1" 201 304 "-" "PostmanRuntime/7.41.1"

info: ::1 - - [20/Aug/2024:09:26:26 +0000] "POST /api/v1/users/login HTTP/1.1" 200 503 "-" "PostmanRuntime/7.41.1"

info: ::1 - - [20/Aug/2024:09:27:16 +0000] "POST /api/v1/book/admin HTTP/1.1" 201 304 "-" "PostmanRuntime/7.41.1"

info: ::1 - - [20/Aug/2024:09:27:57 +0000] "POST /api/v1/book/admin HTTP/1.1" 201 304 "-" "PostmanRuntime/7.41.1"

info: ::1 - - [20/Aug/2024:09:28:18 +0000] "GET /api/v1/book/admin HTTP/1.1" 200 1298 "-" "PostmanRuntime/7.41.1"

info: ::1 - - [20/Aug/2024:09:28:59 +0000] "GET /api/v1/book/2 HTTP/1.1" 200 811 "-" "PostmanRuntime/7.41.1"

info: ::1 - - [20/Aug/2024:09:29:20 +0000] "GET /api/v1/book/3 HTTP/1.1" 200 564 "-" "PostmanRuntime/7.41.1"

info: ::1 - - [20/Aug/2024:09:29:37 +0000] "GET /api/v1/book/bookByID/2 HTTP/1.1" 500 46 "-" "PostmanRuntime/7.41.1"

info: ::1 - - [20/Aug/2024:09:29:44 +0000] "GET /api/v1/book/bookByID/2 HTTP/1.1" 202 298 "-" "PostmanRuntime/7.41.1"

info: ::1 - - [20/Aug/2024:09:29:51 +0000] "GET /api/v1/book/bookByID/5 HTTP/1.1" 202 298 "-" "PostmanRuntime/7.41.1"

info: ::1 - - [20/Aug/2024:09:30:44 +0000] "POST /api/v1/book/1/update HTTP/1.1" 201 101 "-" "PostmanRuntime/7.41.1"

info: ::1 - - [20/Aug/2024:09:31:19 +0000] "DELETE /api/v1/book/3/delete HTTP/1.1" 500 46 "-" "PostmanRuntime/7.41.1"

info: ::1 - - [20/Aug/2024:09:31:46 +0000] "DELETE /api/v1/book/3/delete HTTP/1.1" 200 60 "-" "PostmanRuntime/7.41.1"

info: ::1 - - [20/Aug/2024:09:31:54 +0000] "GET /api/v1/book/admin HTTP/1.1" 200 1051 "-" "PostmanRuntime/7.41.1"

info: ::1 - - [20/Aug/2024:09:33:31 +0000] "POST /api/v1/users/login HTTP/1.1" 200 499 "-" "PostmanRuntime/7.41.1"

info: ::1 - - [20/Aug/2024:09:34:04 +0000] "GET /api/v1/book/ HTTP/1.1" 200 1051 "-" "PostmanRuntime/7.41.1"

info: ::1 - - [20/Aug/2024:11:14:11 +0000] "POST /api/v1/users/login HTTP/1.1" 200 499 "-" "PostmanRuntime/7.41.1"

info: ::1 - - [20/Aug/2024:11:15:11 +0000] "GET /api/v1/cart/ HTTP/1.1" 200 64 "-" "PostmanRuntime/7.41.1"

info: ::1 - - [20/Aug/2024:11:19:49 +0000] "POST /api/v1/cart/ HTTP/1.1" 200 183 "-" "PostmanRuntime/7.41.1"

info: ::1 - - [20/Aug/2024:11:23:26 +0000] "POST /api/v1/cart/ HTTP/1.1" 200 183 "-" "PostmanRuntime/7.41.1"

info: ::1 - - [20/Aug/2024:11:23:36 +0000] "GET /api/v1/cart/ HTTP/1.1" 200 331 "-" "PostmanRuntime/7.41.1"

info: ::1 - - [20/Aug/2024:11:28:22 +0000] "POST /api/v1/cart/ HTTP/1.1" 200 183 "-" "PostmanRuntime/7.41.1"

info: ::1 - - [20/Aug/2024:11:38:32 +0000] "POST /api/v1/cart/ HTTP/1.1" 200 42 "-" "PostmanRuntime/7.41.1"

info: ::1 - - [20/Aug/2024:11:44:22 +0000] "POST /api/v1/cart/ HTTP/1.1" 200 66 "-" "PostmanRuntime/7.41.1"

info: ::1 - - [20/Aug/2024:11:45:39 +0000] "POST /api/v1/cart/ HTTP/1.1" 200 66 "-" "PostmanRuntime/7.41.1"

info: ::1 - - [20/Aug/2024:11:45:41 +0000] "POST /api/v1/cart/ HTTP/1.1" 200 66 "-" "PostmanRuntime/7.41.1"

info: ::1 - - [20/Aug/2024:11:46:14 +0000] "POST /api/v1/cart/ HTTP/1.1" 200 66 "-" "PostmanRuntime/7.41.1"

info: ::1 - - [20/Aug/2024:11:46:16 +0000] "POST /api/v1/cart/ HTTP/1.1" 200 66 "-" "PostmanRuntime/7.41.1"

info: ::1 - - [20/Aug/2024:11:46:47 +0000] "POST /api/v1/cart/ HTTP/1.1" 200 185 "-" "PostmanRuntime/7.41.1"

info: ::1 - - [20/Aug/2024:11:47:21 +0000] "POST /api/v1/cart/ HTTP/1.1" 200 185 "-" "PostmanRuntime/7.41.1"

info: ::1 - - [20/Aug/2024:11:47:53 +0000] "POST /api/v1/cart/ HTTP/1.1" 200 186 "-" "PostmanRuntime/7.41.1"

info: ::1 - - [20/Aug/2024:11:49:15 +0000] "POST /api/v1/cart/ HTTP/1.1" 200 66 "-" "PostmanRuntime/7.41.1"

info: ::1 - - [20/Aug/2024:11:52:11 +0000] "POST /api/v1/cart/ HTTP/1.1" 200 185 "-" "PostmanRuntime/7.41.1"

info: ::1 - - [20/Aug/2024:11:52:32 +0000] "POST /api/v1/cart/ HTTP/1.1" 200 185 "-" "PostmanRuntime/7.41.1"

info: ::1 - - [20/Aug/2024:11:53:09 +0000] "POST /api/v1/cart/ HTTP/1.1" 200 185 "-" "PostmanRuntime/7.41.1"

info: ::1 - - [20/Aug/2024:11:56:24 +0000] "POST /api/v1/users/ HTTP/1.1" 201 323 "-" "PostmanRuntime/7.41.1"

info: ::1 - - [20/Aug/2024:11:56:43 +0000] "POST /api/v1/users/login HTTP/1.1" 200 499 "-" "PostmanRuntime/7.41.1"

info: ::1 - - [20/Aug/2024:11:57:06 +0000] "GET /api/v1/cart/ HTTP/1.1" 200 64 "-" "PostmanRuntime/7.41.1"

info: ::1 - - [20/Aug/2024:11:57:27 +0000] "POST /api/v1/cart/ HTTP/1.1" 200 185 "-" "PostmanRuntime/7.41.1"

info: ::1 - - [20/Aug/2024:11:57:35 +0000] "GET /api/v1/cart/ HTTP/1.1" 200 64 "-" "PostmanRuntime/7.41.1"

info: ::1 - - [20/Aug/2024:12:02:35 +0000] "POST /api/v1/cart/ HTTP/1.1" 200 183 "-" "PostmanRuntime/7.41.1"

info: ::1 - - [20/Aug/2024:12:02:52 +0000] "POST /api/v1/cart/ HTTP/1.1" 200 183 "-" "PostmanRuntime/7.41.1"

info: ::1 - - [20/Aug/2024:12:03:17 +0000] "POST /api/v1/cart/ HTTP/1.1" 500 124 "-" "PostmanRuntime/7.41.1"

info: ::1 - - [20/Aug/2024:12:04:41 +0000] "POST /api/v1/cart/ HTTP/1.1" 200 183 "-" "PostmanRuntime/7.41.1"

info: ::1 - - [20/Aug/2024:12:05:22 +0000] "GET /api/v1/cart/ HTTP/1.1" 200 465 "-" "PostmanRuntime/7.41.1"

info: ::1 - - [20/Aug/2024:12:10:34 +0000] "POST /api/v1/cart/ HTTP/1.1" 200 185 "-" "PostmanRuntime/7.41.1"

info: ::1 - - [20/Aug/2024:12:10:44 +0000] "POST /api/v1/cart/ HTTP/1.1" 200 185 "-" "PostmanRuntime/7.41.1"

info: ::1 - - [20/Aug/2024:12:20:51 +0000] "POST /api/v1/users/login HTTP/1.1" 200 499 "-" "PostmanRuntime/7.41.1"

info: ::1 - - [20/Aug/2024:12:21:10 +0000] "GET /api/v1/cart/ HTTP/1.1" 200 465 "-" "PostmanRuntime/7.41.1"

info: ::1 - - [20/Aug/2024:12:22:44 +0000] "POST /api/v1/cart/add HTTP/1.1" 500 79 "-" "PostmanRuntime/7.41.1"

info: ::1 - - [20/Aug/2024:12:28:32 +0000] "POST /api/v1/cart/add HTTP/1.1" 200 196 "-" "PostmanRuntime/7.41.1"

