info: Server started at http://localhost:3000/api/v1/ {"timestamp":"2024-08-20T23:56:41.049Z"}
info: Connected to the database. {"timestamp":"2024-08-20T23:56:41.465Z"}
error: 
    status - 500 
    message - TokenExpiredError: jwt expired
    at E:\New journy\bookStore\bookStore\node_modules\jsonwebtoken\verify.js:152:21
    at getSecret (E:\New journy\bookStore\bookStore\node_modules\jsonwebtoken\verify.js:90:14)
    at Object.module.exports [as verify] (E:\New journy\bookStore\bookStore\node_modules\jsonwebtoken\verify.js:94:10)
    at E:\New journy\bookStore\bookStore\src\middlewares\auth.middleware.ts:30:41
    at Generator.next (<anonymous>)
    at E:\New journy\bookStore\bookStore\src\middlewares\auth.middleware.ts:8:71
    at new Promise (<anonymous>)
    at __awaiter (E:\New journy\bookStore\bookStore\src\middlewares\auth.middleware.ts:4:12)
    at userAuth (E:\New journy\bookStore\bookStore\src\middlewares\auth.middleware.ts:20:20)
    at Layer.handle [as handle_request] (E:\New journy\bookStore\bookStore\node_modules\express\lib\router\layer.js:95:5) 
    url - /api/v1/cart/add 
    method - POST 
    IP - ::1
   {"timestamp":"2024-08-21T00:08:09.383Z"}
info: Server started at http://localhost:3000/api/v1/ {"timestamp":"2024-08-21T00:13:57.890Z"}
info: Connected to the database. {"timestamp":"2024-08-21T00:13:58.102Z"}
info: Server started at http://localhost:3000/api/v1/ {"timestamp":"2024-08-21T00:14:03.311Z"}
info: Connected to the database. {"timestamp":"2024-08-21T00:14:03.540Z"}
info: Server started at http://localhost:3000/api/v1/ {"timestamp":"2024-08-21T00:14:07.164Z"}
info: Connected to the database. {"timestamp":"2024-08-21T00:14:07.353Z"}
info: Server started at http://localhost:3000/api/v1/ {"timestamp":"2024-08-21T00:14:10.545Z"}
info: Connected to the database. {"timestamp":"2024-08-21T00:14:10.833Z"}
info: Server started at http://localhost:3000/api/v1/ {"timestamp":"2024-08-21T00:14:12.602Z"}
info: Connected to the database. {"timestamp":"2024-08-21T00:14:12.795Z"}
info: Server started at http://localhost:3000/api/v1/ {"timestamp":"2024-08-21T00:16:31.094Z"}
info: Connected to the database. {"timestamp":"2024-08-21T00:16:31.348Z"}
info: Server started at http://localhost:3000/api/v1/ {"timestamp":"2024-08-21T00:16:40.074Z"}
info: Connected to the database. {"timestamp":"2024-08-21T00:16:40.325Z"}
info: Server started at http://localhost:3000/api/v1/ {"timestamp":"2024-08-21T00:16:42.181Z"}
info: Connected to the database. {"timestamp":"2024-08-21T00:16:42.464Z"}
info: Server started at http://localhost:3000/api/v1/ {"timestamp":"2024-08-21T00:18:00.455Z"}
info: Connected to the database. {"timestamp":"2024-08-21T00:18:00.631Z"}
info: Server started at http://localhost:3000/api/v1/ {"timestamp":"2024-08-21T00:18:04.473Z"}
info: Connected to the database. {"timestamp":"2024-08-21T00:18:04.674Z"}
info: Server started at http://localhost:3000/api/v1/ {"timestamp":"2024-08-21T00:18:17.332Z"}
info: Connected to the database. {"timestamp":"2024-08-21T00:18:17.526Z"}
info: Server started at http://localhost:3000/api/v1/ {"timestamp":"2024-08-21T00:18:20.438Z"}
info: Connected to the database. {"timestamp":"2024-08-21T00:18:20.633Z"}
info: Server started at http://localhost:3000/api/v1/ {"timestamp":"2024-08-21T00:18:23.337Z"}
info: Connected to the database. {"timestamp":"2024-08-21T00:18:23.491Z"}
info: Server started at http://localhost:3000/api/v1/ {"timestamp":"2024-08-21T00:18:28.877Z"}
info: Connected to the database. {"timestamp":"2024-08-21T00:18:29.030Z"}
info: Server started at http://localhost:3000/api/v1/ {"timestamp":"2024-08-21T00:18:36.545Z"}
info: Connected to the database. {"timestamp":"2024-08-21T00:18:36.722Z"}
info: Server started at http://localhost:3000/api/v1/ {"timestamp":"2024-08-21T00:18:41.275Z"}
info: Connected to the database. {"timestamp":"2024-08-21T00:18:41.517Z"}
info: Server started at http://localhost:3000/api/v1/ {"timestamp":"2024-08-21T00:19:28.491Z"}
info: Connected to the database. {"timestamp":"2024-08-21T00:19:28.708Z"}
info: Server started at http://localhost:3000/api/v1/ {"timestamp":"2024-08-21T00:21:31.387Z"}
info: Connected to the database. {"timestamp":"2024-08-21T00:21:31.561Z"}
info: Server started at http://localhost:3000/api/v1/ {"timestamp":"2024-08-21T00:21:33.967Z"}
info: Connected to the database. {"timestamp":"2024-08-21T00:21:34.143Z"}
info: Server started at http://localhost:3000/api/v1/ {"timestamp":"2024-08-21T00:21:42.303Z"}
info: Connected to the database. {"timestamp":"2024-08-21T00:21:42.447Z"}
info: Server started at http://localhost:3000/api/v1/ {"timestamp":"2024-08-21T00:23:56.926Z"}
info: Connected to the database. {"timestamp":"2024-08-21T00:23:57.106Z"}
info: Server started at http://localhost:3000/api/v1/ {"timestamp":"2024-08-21T00:23:58.364Z"}
info: Connected to the database. {"timestamp":"2024-08-21T00:23:58.549Z"}
info: Server started at http://localhost:3000/api/v1/ {"timestamp":"2024-08-21T00:24:10.369Z"}
info: Connected to the database. {"timestamp":"2024-08-21T00:24:10.572Z"}
info: Server started at http://localhost:3000/api/v1/ {"timestamp":"2024-08-21T00:24:38.884Z"}
info: Connected to the database. {"timestamp":"2024-08-21T00:24:39.056Z"}
info: Server started at http://localhost:3000/api/v1/ {"timestamp":"2024-08-21T00:24:41.708Z"}
info: Connected to the database. {"timestamp":"2024-08-21T00:24:41.864Z"}
info: Server started at http://localhost:3000/api/v1/ {"timestamp":"2024-08-21T01:07:20.117Z"}
info: Connected to the database. {"timestamp":"2024-08-21T01:07:20.312Z"}
info: Server started at http://localhost:3000/api/v1/ {"timestamp":"2024-08-21T01:19:59.555Z"}
info: Connected to the database. {"timestamp":"2024-08-21T01:19:59.729Z"}
