info: ::1 - - [17/Aug/2024:13:15:48 +0000] "GET /api/v1/ HTTP/1.1" 200 9 "-" "PostmanRuntime/7.41.1"

info: ::1 - - [17/Aug/2024:13:17:01 +0000] "POST /api/v1//users/ HTTP/1.1" 500 60 "-" "PostmanRuntime/7.41.1"

info: ::1 - - [17/Aug/2024:13:28:14 +0000] "POST /api/v1//users/ HTTP/1.1" 201 50 "-" "PostmanRuntime/7.41.1"

info: ::1 - - [17/Aug/2024:13:31:46 +0000] "POST /api/v1//users/ HTTP/1.1" 201 50 "-" "PostmanRuntime/7.41.1"

info: ::1 - - [17/Aug/2024:13:32:19 +0000] "POST /api/v1//users/ HTTP/1.1" 500 64 "-" "PostmanRuntime/7.41.1"

info: ::1 - - [17/Aug/2024:13:33:01 +0000] "POST /api/v1//users/ HTTP/1.1" 201 319 "-" "PostmanRuntime/7.41.1"

info: ::1 - - [17/Aug/2024:13:35:33 +0000] "POST /api/v1//users/ HTTP/1.1" 201 50 "-" "PostmanRuntime/7.41.1"

info: ::1 - - [17/Aug/2024:13:48:42 +0000] "POST /api/v1//users/ HTTP/1.1" 201 323 "-" "PostmanRuntime/7.41.1"

info: ::1 - - [17/Aug/2024:13:49:33 +0000] "POST /api/v1//users/ HTTP/1.1" 201 323 "-" "PostmanRuntime/7.41.1"

info: ::1 - - [17/Aug/2024:14:14:33 +0000] "POST /api/v1//users/admin HTTP/1.1" 201 326 "-" "PostmanRuntime/7.41.1"

info: ::1 - - [17/Aug/2024:14:53:59 +0000] "POST /api/v1/users/admin HTTP/1.1" 201 326 "-" "PostmanRuntime/7.41.1"

info: ::1 - - [17/Aug/2024:14:55:29 +0000] "POST /api/v1/users/ HTTP/1.1" 201 323 "-" "PostmanRuntime/7.41.1"

info: ::1 - - [17/Aug/2024:15:44:09 +0000] "POST /api/v1/users/login HTTP/1.1" 200 332 "-" "PostmanRuntime/7.41.1"

info: ::1 - - [17/Aug/2024:15:47:28 +0000] "POST /api/v1/users/login HTTP/1.1" 200 332 "-" "PostmanRuntime/7.41.1"

info: ::1 - - [17/Aug/2024:15:57:41 +0000] "POST /api/v1/users/login HTTP/1.1" 200 332 "-" "PostmanRuntime/7.41.1"

info: ::1 - - [17/Aug/2024:16:02:37 +0000] "POST /api/v1/users/login HTTP/1.1" 200 499 "-" "PostmanRuntime/7.41.1"

info: ::1 - - [17/Aug/2024:16:04:09 +0000] "POST /api/v1/users/login HTTP/1.1" 200 499 "-" "PostmanRuntime/7.41.1"

info: ::1 - - [18/Aug/2024:09:43:46 +0000] "POST /api/v1/users/login HTTP/1.1" 200 499 "-" "PostmanRuntime/7.41.1"

info: ::1 - - [18/Aug/2024:09:44:54 +0000] "POST /api/v1/users/login HTTP/1.1" 200 503 "-" "PostmanRuntime/7.41.1"

info: ::1 - - [18/Aug/2024:09:54:49 +0000] "POST /api/v1/book/ HTTP/1.1" 201 299 "-" "PostmanRuntime/7.41.1"

info: ::1 - - [18/Aug/2024:09:57:50 +0000] "POST /api/v1/book/ HTTP/1.1" 201 300 "-" "PostmanRuntime/7.41.1"

info: ::1 - - [18/Aug/2024:10:15:49 +0000] "POST /api/v1/users/login HTTP/1.1" 200 503 "-" "PostmanRuntime/7.41.1"

info: ::1 - - [18/Aug/2024:10:16:49 +0000] "POST /api/v1/book/ HTTP/1.1" 201 300 "-" "PostmanRuntime/7.41.1"

info: ::1 - - [18/Aug/2024:10:17:31 +0000] "GET /api/v1/book/ HTTP/1.1" 200 791 "-" "PostmanRuntime/7.41.1"

info: ::1 - - [18/Aug/2024:10:30:18 +0000] "POST /api/v1/users/login HTTP/1.1" 200 503 "-" "PostmanRuntime/7.41.1"

info: ::1 - - [18/Aug/2024:10:30:48 +0000] "GET /api/v1/book/3 HTTP/1.1" 500 152 "-" "PostmanRuntime/7.41.1"

info: ::1 - - [18/Aug/2024:10:44:08 +0000] "POST /api/v1/users/login HTTP/1.1" 200 503 "-" "PostmanRuntime/7.41.1"

info: ::1 - - [18/Aug/2024:10:44:32 +0000] "GET /api/v1/book/3 HTTP/1.1" 200 302 "-" "PostmanRuntime/7.41.1"

info: ::1 - - [18/Aug/2024:10:45:43 +0000] "GET /api/v1/book/4 HTTP/1.1" 200 544 "-" "PostmanRuntime/7.41.1"

info: ::1 - - [18/Aug/2024:11:09:07 +0000] "POST /api/v1/users/login HTTP/1.1" 200 503 "-" "PostmanRuntime/7.41.1"

info: ::1 - - [18/Aug/2024:11:09:34 +0000] "GET /api/v1/book/1 HTTP/1.1" 200 60 "-" "PostmanRuntime/7.41.1"

info: ::1 - - [18/Aug/2024:11:11:28 +0000] "GET /api/v1/book/1 HTTP/1.1" 200 60 "-" "PostmanRuntime/7.41.1"

info: ::1 - - [18/Aug/2024:11:13:29 +0000] "GET /api/v1/book/1 HTTP/1.1" 200 60 "-" "PostmanRuntime/7.41.1"

info: ::1 - - [18/Aug/2024:11:14:02 +0000] "GET /api/v1/book/1 HTTP/1.1" 200 60 "-" "PostmanRuntime/7.41.1"

info: ::1 - - [18/Aug/2024:11:16:56 +0000] "GET /api/v1/book/1 HTTP/1.1" 200 60 "-" "PostmanRuntime/7.41.1"

info: ::1 - - [18/Aug/2024:11:21:29 +0000] "GET /api/v1/book/bookByID/1 HTTP/1.1" 202 299 "-" "PostmanRuntime/7.41.1"

info: ::1 - - [18/Aug/2024:11:23:42 +0000] "GET /api/v1/book/bookByID/4 HTTP/1.1" 202 62 "-" "PostmanRuntime/7.41.1"

info: ::1 - - [18/Aug/2024:11:23:51 +0000] "GET /api/v1/book/bookByID/3 HTTP/1.1" 202 300 "-" "PostmanRuntime/7.41.1"

info: ::1 - - [18/Aug/2024:11:25:42 +0000] "GET /api/v1/book/bookByID/4 HTTP/1.1" 202 56 "-" "PostmanRuntime/7.41.1"

info: ::1 - - [18/Aug/2024:11:25:51 +0000] "GET /api/v1/book/bookByID/2 HTTP/1.1" 202 294 "-" "PostmanRuntime/7.41.1"

info: ::1 - - [19/Aug/2024:05:18:06 +0000] "POST /api/v1/users/login HTTP/1.1" 200 503 "-" "PostmanRuntime/7.41.1"

info: ::1 - - [19/Aug/2024:05:19:58 +0000] "POST /api/v1/book/3/update HTTP/1.1" 201 121 "-" "PostmanRuntime/7.41.1"

info: ::1 - - [19/Aug/2024:05:23:29 +0000] "POST /api/v1/book/1/update HTTP/1.1" 201 101 "-" "PostmanRuntime/7.41.1"

info: ::1 - - [19/Aug/2024:05:46:05 +0000] "POST /api/v1/users/login HTTP/1.1" 200 503 "-" "PostmanRuntime/7.41.1"

info: ::1 - - [19/Aug/2024:05:46:42 +0000] "POST /api/v1/book/1/update HTTP/1.1" 201 61 "-" "PostmanRuntime/7.41.1"

info: ::1 - - [19/Aug/2024:05:54:43 +0000] "POST /api/v1/book/1/update HTTP/1.1" 201 101 "-" "PostmanRuntime/7.41.1"

info: ::1 - - [19/Aug/2024:05:56:13 +0000] "POST /api/v1/book/ HTTP/1.1" 201 300 "-" "PostmanRuntime/7.41.1"

info: ::1 - - [19/Aug/2024:05:58:59 +0000] "DELETE /api/v1/book/4/delete HTTP/1.1" 200 60 "-" "PostmanRuntime/7.41.1"

info: ::1 - - [20/Aug/2024:08:53:01 +0000] "POST /api/v1/users/ HTTP/1.1" 201 323 "-" "PostmanRuntime/7.41.1"

info: ::1 - - [20/Aug/2024:08:53:43 +0000] "POST /api/v1/users/admin HTTP/1.1" 201 326 "-" "PostmanRuntime/7.41.1"

info: ::1 - - [20/Aug/2024:08:54:01 +0000] "POST /api/v1/users/login HTTP/1.1" 200 503 "-" "PostmanRuntime/7.41.1"

info: ::1 - - [20/Aug/2024:08:55:01 +0000] "POST /api/v1/book/ HTTP/1.1" 404 47 "-" "PostmanRuntime/7.41.1"

info: ::1 - - [20/Aug/2024:08:55:33 +0000] "POST /api/v1/book/admin HTTP/1.1" 201 304 "-" "PostmanRuntime/7.41.1"

info: ::1 - - [20/Aug/2024:09:09:06 +0000] "POST /api/v1/book/admin HTTP/1.1" 201 304 "-" "PostmanRuntime/7.41.1"

info: ::1 - - [20/Aug/2024:09:13:07 +0000] "POST /api/v1/users/login HTTP/1.1" 200 503 "-" "PostmanRuntime/7.41.1"

info: ::1 - - [20/Aug/2024:09:13:29 +0000] "GET /api/v1/book/admin HTTP/1.1" 200 557 "-" "PostmanRuntime/7.41.1"

info: ::1 - - [20/Aug/2024:09:13:54 +0000] "GET /api/v1/book/admin HTTP/1.1" 200 557 "-" "PostmanRuntime/7.41.1"

info: ::1 - - [20/Aug/2024:09:22:56 +0000] "POST /api/v1/users/admin HTTP/1.1" 201 326 "-" "PostmanRuntime/7.41.1"

info: ::1 - - [20/Aug/2024:09:23:36 +0000] "POST /api/v1/users/login HTTP/1.1" 200 503 "-" "PostmanRuntime/7.41.1"

info: ::1 - - [20/Aug/2024:09:24:41 +0000] "GET /api/v1/book/admin HTTP/1.1" 200 557 "-" "PostmanRuntime/7.41.1"

info: ::1 - - [20/Aug/2024:09:25:03 +0000] "POST /api/v1/book/admin HTTP/1.1" 201 304 "-" "PostmanRuntime/7.41.1"

info: ::1 - - [20/Aug/2024:09:26:26 +0000] "POST /api/v1/users/login HTTP/1.1" 200 503 "-" "PostmanRuntime/7.41.1"

info: ::1 - - [20/Aug/2024:09:27:16 +0000] "POST /api/v1/book/admin HTTP/1.1" 201 304 "-" "PostmanRuntime/7.41.1"

info: ::1 - - [20/Aug/2024:09:27:57 +0000] "POST /api/v1/book/admin HTTP/1.1" 201 304 "-" "PostmanRuntime/7.41.1"

info: ::1 - - [20/Aug/2024:09:28:18 +0000] "GET /api/v1/book/admin HTTP/1.1" 200 1298 "-" "PostmanRuntime/7.41.1"

info: ::1 - - [20/Aug/2024:09:28:59 +0000] "GET /api/v1/book/2 HTTP/1.1" 200 811 "-" "PostmanRuntime/7.41.1"

info: ::1 - - [20/Aug/2024:09:29:20 +0000] "GET /api/v1/book/3 HTTP/1.1" 200 564 "-" "PostmanRuntime/7.41.1"

info: ::1 - - [20/Aug/2024:09:29:37 +0000] "GET /api/v1/book/bookByID/2 HTTP/1.1" 500 46 "-" "PostmanRuntime/7.41.1"

info: ::1 - - [20/Aug/2024:09:29:44 +0000] "GET /api/v1/book/bookByID/2 HTTP/1.1" 202 298 "-" "PostmanRuntime/7.41.1"

info: ::1 - - [20/Aug/2024:09:29:51 +0000] "GET /api/v1/book/bookByID/5 HTTP/1.1" 202 298 "-" "PostmanRuntime/7.41.1"

info: ::1 - - [20/Aug/2024:09:30:44 +0000] "POST /api/v1/book/1/update HTTP/1.1" 201 101 "-" "PostmanRuntime/7.41.1"

info: ::1 - - [20/Aug/2024:09:31:19 +0000] "DELETE /api/v1/book/3/delete HTTP/1.1" 500 46 "-" "PostmanRuntime/7.41.1"

info: ::1 - - [20/Aug/2024:09:31:46 +0000] "DELETE /api/v1/book/3/delete HTTP/1.1" 200 60 "-" "PostmanRuntime/7.41.1"

info: ::1 - - [20/Aug/2024:09:31:54 +0000] "GET /api/v1/book/admin HTTP/1.1" 200 1051 "-" "PostmanRuntime/7.41.1"

info: ::1 - - [20/Aug/2024:09:33:31 +0000] "POST /api/v1/users/login HTTP/1.1" 200 499 "-" "PostmanRuntime/7.41.1"

info: ::1 - - [20/Aug/2024:09:34:04 +0000] "GET /api/v1/book/ HTTP/1.1" 200 1051 "-" "PostmanRuntime/7.41.1"

info: ::1 - - [20/Aug/2024:11:14:11 +0000] "POST /api/v1/users/login HTTP/1.1" 200 499 "-" "PostmanRuntime/7.41.1"

info: ::1 - - [20/Aug/2024:11:15:11 +0000] "GET /api/v1/cart/ HTTP/1.1" 200 64 "-" "PostmanRuntime/7.41.1"

info: ::1 - - [20/Aug/2024:11:19:49 +0000] "POST /api/v1/cart/ HTTP/1.1" 200 183 "-" "PostmanRuntime/7.41.1"

info: ::1 - - [20/Aug/2024:11:23:26 +0000] "POST /api/v1/cart/ HTTP/1.1" 200 183 "-" "PostmanRuntime/7.41.1"

info: ::1 - - [20/Aug/2024:11:23:36 +0000] "GET /api/v1/cart/ HTTP/1.1" 200 331 "-" "PostmanRuntime/7.41.1"

info: ::1 - - [20/Aug/2024:11:28:22 +0000] "POST /api/v1/cart/ HTTP/1.1" 200 183 "-" "PostmanRuntime/7.41.1"

info: ::1 - - [20/Aug/2024:11:38:32 +0000] "POST /api/v1/cart/ HTTP/1.1" 200 42 "-" "PostmanRuntime/7.41.1"

info: ::1 - - [20/Aug/2024:11:44:22 +0000] "POST /api/v1/cart/ HTTP/1.1" 200 66 "-" "PostmanRuntime/7.41.1"

info: ::1 - - [20/Aug/2024:11:45:39 +0000] "POST /api/v1/cart/ HTTP/1.1" 200 66 "-" "PostmanRuntime/7.41.1"

info: ::1 - - [20/Aug/2024:11:45:41 +0000] "POST /api/v1/cart/ HTTP/1.1" 200 66 "-" "PostmanRuntime/7.41.1"

info: ::1 - - [20/Aug/2024:11:46:14 +0000] "POST /api/v1/cart/ HTTP/1.1" 200 66 "-" "PostmanRuntime/7.41.1"

info: ::1 - - [20/Aug/2024:11:46:16 +0000] "POST /api/v1/cart/ HTTP/1.1" 200 66 "-" "PostmanRuntime/7.41.1"

info: ::1 - - [20/Aug/2024:11:46:47 +0000] "POST /api/v1/cart/ HTTP/1.1" 200 185 "-" "PostmanRuntime/7.41.1"

info: ::1 - - [20/Aug/2024:11:47:21 +0000] "POST /api/v1/cart/ HTTP/1.1" 200 185 "-" "PostmanRuntime/7.41.1"

info: ::1 - - [20/Aug/2024:11:47:53 +0000] "POST /api/v1/cart/ HTTP/1.1" 200 186 "-" "PostmanRuntime/7.41.1"

info: ::1 - - [20/Aug/2024:11:49:15 +0000] "POST /api/v1/cart/ HTTP/1.1" 200 66 "-" "PostmanRuntime/7.41.1"

info: ::1 - - [20/Aug/2024:11:52:11 +0000] "POST /api/v1/cart/ HTTP/1.1" 200 185 "-" "PostmanRuntime/7.41.1"

info: ::1 - - [20/Aug/2024:11:52:32 +0000] "POST /api/v1/cart/ HTTP/1.1" 200 185 "-" "PostmanRuntime/7.41.1"

info: ::1 - - [20/Aug/2024:11:53:09 +0000] "POST /api/v1/cart/ HTTP/1.1" 200 185 "-" "PostmanRuntime/7.41.1"

info: ::1 - - [20/Aug/2024:11:56:24 +0000] "POST /api/v1/users/ HTTP/1.1" 201 323 "-" "PostmanRuntime/7.41.1"

info: ::1 - - [20/Aug/2024:11:56:43 +0000] "POST /api/v1/users/login HTTP/1.1" 200 499 "-" "PostmanRuntime/7.41.1"

info: ::1 - - [20/Aug/2024:11:57:06 +0000] "GET /api/v1/cart/ HTTP/1.1" 200 64 "-" "PostmanRuntime/7.41.1"

info: ::1 - - [20/Aug/2024:11:57:27 +0000] "POST /api/v1/cart/ HTTP/1.1" 200 185 "-" "PostmanRuntime/7.41.1"

info: ::1 - - [20/Aug/2024:11:57:35 +0000] "GET /api/v1/cart/ HTTP/1.1" 200 64 "-" "PostmanRuntime/7.41.1"

info: ::1 - - [20/Aug/2024:12:02:35 +0000] "POST /api/v1/cart/ HTTP/1.1" 200 183 "-" "PostmanRuntime/7.41.1"

info: ::1 - - [20/Aug/2024:12:02:52 +0000] "POST /api/v1/cart/ HTTP/1.1" 200 183 "-" "PostmanRuntime/7.41.1"

info: ::1 - - [20/Aug/2024:12:03:17 +0000] "POST /api/v1/cart/ HTTP/1.1" 500 124 "-" "PostmanRuntime/7.41.1"

info: ::1 - - [20/Aug/2024:12:04:41 +0000] "POST /api/v1/cart/ HTTP/1.1" 200 183 "-" "PostmanRuntime/7.41.1"

info: ::1 - - [20/Aug/2024:12:05:22 +0000] "GET /api/v1/cart/ HTTP/1.1" 200 465 "-" "PostmanRuntime/7.41.1"

info: ::1 - - [20/Aug/2024:12:10:34 +0000] "POST /api/v1/cart/ HTTP/1.1" 200 185 "-" "PostmanRuntime/7.41.1"

info: ::1 - - [20/Aug/2024:12:10:44 +0000] "POST /api/v1/cart/ HTTP/1.1" 200 185 "-" "PostmanRuntime/7.41.1"

info: ::1 - - [20/Aug/2024:12:20:51 +0000] "POST /api/v1/users/login HTTP/1.1" 200 499 "-" "PostmanRuntime/7.41.1"

info: ::1 - - [20/Aug/2024:12:21:10 +0000] "GET /api/v1/cart/ HTTP/1.1" 200 465 "-" "PostmanRuntime/7.41.1"

info: ::1 - - [20/Aug/2024:12:22:44 +0000] "POST /api/v1/cart/add HTTP/1.1" 500 79 "-" "PostmanRuntime/7.41.1"

info: ::1 - - [20/Aug/2024:12:28:32 +0000] "POST /api/v1/cart/add HTTP/1.1" 200 196 "-" "PostmanRuntime/7.41.1"

info: ::1 - - [21/Aug/2024:00:05:16 +0000] "POST /api/v1/users/login HTTP/1.1" 200 499 "-" "PostmanRuntime/7.41.2"

info: ::1 - - [21/Aug/2024:00:06:33 +0000] "GET /api/v1/book/ HTTP/1.1" 200 1051 "-" "PostmanRuntime/7.41.2"

info: ::1 - - [21/Aug/2024:00:07:33 +0000] "GET /api/v1/cart/ HTTP/1.1" 200 465 "-" "PostmanRuntime/7.41.2"

info: ::1 - - [21/Aug/2024:00:08:09 +0000] "POST /api/v1/cart/add HTTP/1.1" 500 46 "-" "PostmanRuntime/7.41.2"

info: ::1 - - [21/Aug/2024:00:08:24 +0000] "POST /api/v1/cart/add HTTP/1.1" 200 89 "-" "PostmanRuntime/7.41.2"

info: ::1 - - [21/Aug/2024:00:12:06 +0000] "POST /api/v1/cart/add HTTP/1.1" 200 89 "-" "PostmanRuntime/7.41.2"

info: ::1 - - [21/Aug/2024:00:14:17 +0000] "POST /api/v1/cart/add HTTP/1.1" 200 89 "-" "PostmanRuntime/7.41.2"

info: ::1 - - [21/Aug/2024:00:16:45 +0000] "POST /api/v1/cart/add HTTP/1.1" 200 89 "-" "PostmanRuntime/7.41.2"

info: ::1 - - [21/Aug/2024:00:18:54 +0000] "POST /api/v1/cart/add HTTP/1.1" 200 89 "-" "PostmanRuntime/7.41.2"

info: ::1 - - [21/Aug/2024:00:19:31 +0000] "POST /api/v1/cart/add HTTP/1.1" 200 196 "-" "PostmanRuntime/7.41.2"

info: ::1 - - [21/Aug/2024:00:19:42 +0000] "POST /api/v1/cart/add HTTP/1.1" 200 196 "-" "PostmanRuntime/7.41.2"

info: ::1 - - [21/Aug/2024:00:19:44 +0000] "POST /api/v1/cart/add HTTP/1.1" 200 196 "-" "PostmanRuntime/7.41.2"

info: ::1 - - [21/Aug/2024:00:26:31 +0000] "POST /api/v1/cart/reduce HTTP/1.1" 200 196 "-" "PostmanRuntime/7.41.2"

info: ::1 - - [21/Aug/2024:00:27:16 +0000] "POST /api/v1/cart/reduce HTTP/1.1" 200 196 "-" "PostmanRuntime/7.41.2"

info: ::1 - - [21/Aug/2024:00:27:32 +0000] "POST /api/v1/cart/reduce HTTP/1.1" 200 196 "-" "PostmanRuntime/7.41.2"

info: ::1 - - [21/Aug/2024:01:08:27 +0000] "POST /api/v1/users/login HTTP/1.1" 200 499 "-" "PostmanRuntime/7.41.2"

info: ::1 - - [21/Aug/2024:01:14:47 +0000] "POST /api/v1/users/login HTTP/1.1" 200 499 "-" "PostmanRuntime/7.41.2"

info: ::1 - - [21/Aug/2024:01:16:47 +0000] "POST /api/v1/order/ HTTP/1.1" 200 191 "-" "PostmanRuntime/7.41.2"

info: ::1 - - [21/Aug/2024:01:18:08 +0000] "GET /api/v1/order/1 HTTP/1.1" 201 57 "-" "PostmanRuntime/7.41.2"

info: ::1 - - [21/Aug/2024:01:18:22 +0000] "GET /api/v1/order/4 HTTP/1.1" 201 190 "-" "PostmanRuntime/7.41.2"

info: ::1 - - [21/Aug/2024:01:18:51 +0000] "GET /api/v1/order/4 HTTP/1.1" 201 190 "-" "PostmanRuntime/7.41.2"

info: ::1 - - [21/Aug/2024:05:43:22 +0000] "POST /api/v1/users/login HTTP/1.1" 200 499 "-" "PostmanRuntime/7.41.2"

info: ::1 - - [21/Aug/2024:05:45:32 +0000] "POST /api/v1/wishlist/ HTTP/1.1" 200 172 "-" "PostmanRuntime/7.41.2"

info: ::1 - - [21/Aug/2024:05:46:01 +0000] "POST /api/v1/wishlist/ HTTP/1.1" 200 85 "-" "PostmanRuntime/7.41.2"

info: ::1 - - [21/Aug/2024:05:46:10 +0000] "POST /api/v1/wishlist/ HTTP/1.1" 200 56 "-" "PostmanRuntime/7.41.2"

info: ::1 - - [21/Aug/2024:05:46:30 +0000] "POST /api/v1/wishlist/ HTTP/1.1" 200 85 "-" "PostmanRuntime/7.41.2"

info: ::1 - - [21/Aug/2024:05:46:36 +0000] "POST /api/v1/wishlist/ HTTP/1.1" 200 56 "-" "PostmanRuntime/7.41.2"

info: ::1 - - [21/Aug/2024:05:48:24 +0000] "POST /api/v1/wishlist/ HTTP/1.1" 200 56 "-" "PostmanRuntime/7.41.2"

info: ::1 - - [21/Aug/2024:05:49:04 +0000] "POST /api/v1/wishlist/ HTTP/1.1" 200 56 "-" "PostmanRuntime/7.41.2"

info: ::1 - - [21/Aug/2024:05:50:27 +0000] "POST /api/v1/wishlist/ HTTP/1.1" 200 56 "-" "PostmanRuntime/7.41.2"

info: ::1 - - [21/Aug/2024:05:50:53 +0000] "POST /api/v1/wishlist/ HTTP/1.1" 200 56 "-" "PostmanRuntime/7.41.2"

info: ::1 - - [21/Aug/2024:05:52:18 +0000] "GET /api/v1/wishlist/ HTTP/1.1" 201 172 "-" "PostmanRuntime/7.41.2"

info: ::1 - - [21/Aug/2024:05:54:48 +0000] "POST /api/v1/wishlist/ HTTP/1.1" 200 56 "-" "PostmanRuntime/7.41.2"

info: ::1 - - [21/Aug/2024:05:56:29 +0000] "POST /api/v1/wishlist/ HTTP/1.1" 200 56 "-" "PostmanRuntime/7.41.2"

info: ::1 - - [21/Aug/2024:05:57:10 +0000] "POST /api/v1/wishlist/ HTTP/1.1" 200 56 "-" "PostmanRuntime/7.41.2"

info: ::1 - - [21/Aug/2024:06:03:30 +0000] "POST /api/v1/wishlist/ HTTP/1.1" 200 172 "-" "PostmanRuntime/7.41.2"

info: ::1 - - [21/Aug/2024:06:03:37 +0000] "POST /api/v1/wishlist/ HTTP/1.1" 200 85 "-" "PostmanRuntime/7.41.2"

info: ::1 - - [21/Aug/2024:06:03:44 +0000] "POST /api/v1/wishlist/ HTTP/1.1" 500 132 "-" "PostmanRuntime/7.41.2"

info: ::1 - - [21/Aug/2024:06:03:55 +0000] "POST /api/v1/wishlist/ HTTP/1.1" 200 172 "-" "PostmanRuntime/7.41.2"

info: ::1 - - [21/Aug/2024:06:04:01 +0000] "POST /api/v1/wishlist/ HTTP/1.1" 200 85 "-" "PostmanRuntime/7.41.2"

